2020-02-08T03:38:40+00:00 CRITICAL Uncaught Error: Call to undefined function simplexml_load_file() in /var/www/html/wordpress/wp-content/plugins/woocommerce-products-filter/installer/includes/installer.class.php:713
Stack trace:
#0 /var/www/html/wordpress/wp-content/plugins/woocommerce-products-filter/installer/includes/installer.class.php(66): WP_Installer->load_repositories_list()
#1 /var/www/html/wordpress/wp-content/plugins/woocommerce-products-filter/installer/includes/installer.class.php(37): WP_Installer->__construct()
#2 /var/www/html/wordpress/wp-content/plugins/woocommerce-products-filter/installer/installer.php(7): WP_Installer::instance()
#3 /var/www/html/wordpress/wp-content/plugins/woocommerce-products-filter/installer/installer.php(11): WP_Installer()
#4 /var/www/html/wordpress/wp-content/plugins/woocommerce-products-filter/installer/loader.php(120): include_once('/var/www/html/w...')
#5 /var/www/html/wordpress/wp-includes/class-wp-hook.php(288): wpml_installer_instance_delegator('')
#6 /var/www/html/wordpress/wp-includes/class in /var/www/html/wordpress/wp-content/plugins/woocommerce-products-filter/installer/includes/installer.class.php on line 713

2020-02-08T03:47:30+00:00 CRITICAL Uncaught Error: Call to undefined function simplexml_load_file() in /var/www/html/wordpress/wp-content/plugins/woocommerce-products-filter/installer/includes/installer.class.php:713
Stack trace:
#0 /var/www/html/wordpress/wp-content/plugins/woocommerce-products-filter/installer/includes/installer.class.php(66): WP_Installer->load_repositories_list()
#1 /var/www/html/wordpress/wp-content/plugins/woocommerce-products-filter/installer/includes/installer.class.php(37): WP_Installer->__construct()
#2 /var/www/html/wordpress/wp-content/plugins/woocommerce-products-filter/installer/installer.php(7): WP_Installer::instance()
#3 /var/www/html/wordpress/wp-content/plugins/woocommerce-products-filter/installer/installer.php(11): WP_Installer()
#4 /var/www/html/wordpress/wp-content/plugins/woocommerce-products-filter/installer/loader.php(120): include_once('/var/www/html/w...')
#5 /var/www/html/wordpress/wp-includes/class-wp-hook.php(288): wpml_installer_instance_delegator('')
#6 /var/www/html/wordpress/wp-includes/class in /var/www/html/wordpress/wp-content/plugins/woocommerce-products-filter/installer/includes/installer.class.php on line 713

2020-02-08T03:47:46+00:00 CRITICAL Uncaught Error: Call to undefined function simplexml_load_file() in /var/www/html/wordpress/wp-content/plugins/woocommerce-products-filter/installer/includes/installer.class.php:713
Stack trace:
#0 /var/www/html/wordpress/wp-content/plugins/woocommerce-products-filter/installer/includes/installer.class.php(66): WP_Installer->load_repositories_list()
#1 /var/www/html/wordpress/wp-content/plugins/woocommerce-products-filter/installer/includes/installer.class.php(37): WP_Installer->__construct()
#2 /var/www/html/wordpress/wp-content/plugins/woocommerce-products-filter/installer/installer.php(7): WP_Installer::instance()
#3 /var/www/html/wordpress/wp-content/plugins/woocommerce-products-filter/installer/installer.php(11): WP_Installer()
#4 /var/www/html/wordpress/wp-content/plugins/woocommerce-products-filter/installer/loader.php(120): include_once('/var/www/html/w...')
#5 /var/www/html/wordpress/wp-includes/class-wp-hook.php(288): wpml_installer_instance_delegator('')
#6 /var/www/html/wordpress/wp-includes/class in /var/www/html/wordpress/wp-content/plugins/woocommerce-products-filter/installer/includes/installer.class.php on line 713

2020-02-08T03:48:22+00:00 CRITICAL Uncaught Error: Call to undefined function simplexml_load_file() in /var/www/html/wordpress/wp-content/plugins/woocommerce-products-filter/installer/includes/installer.class.php:713
Stack trace:
#0 /var/www/html/wordpress/wp-content/plugins/woocommerce-products-filter/installer/includes/installer.class.php(66): WP_Installer->load_repositories_list()
#1 /var/www/html/wordpress/wp-content/plugins/woocommerce-products-filter/installer/includes/installer.class.php(37): WP_Installer->__construct()
#2 /var/www/html/wordpress/wp-content/plugins/woocommerce-products-filter/installer/installer.php(7): WP_Installer::instance()
#3 /var/www/html/wordpress/wp-content/plugins/woocommerce-products-filter/installer/installer.php(11): WP_Installer()
#4 /var/www/html/wordpress/wp-content/plugins/woocommerce-products-filter/installer/loader.php(120): include_once('/var/www/html/w...')
#5 /var/www/html/wordpress/wp-includes/class-wp-hook.php(288): wpml_installer_instance_delegator('')
#6 /var/www/html/wordpress/wp-includes/class in /var/www/html/wordpress/wp-content/plugins/woocommerce-products-filter/installer/includes/installer.class.php on line 713

2020-02-08T03:50:22+00:00 CRITICAL Uncaught Error: Call to undefined function simplexml_load_file() in /var/www/html/wordpress/wp-content/plugins/woocommerce-products-filter/installer/includes/installer.class.php:713
Stack trace:
#0 /var/www/html/wordpress/wp-content/plugins/woocommerce-products-filter/installer/includes/installer.class.php(66): WP_Installer->load_repositories_list()
#1 /var/www/html/wordpress/wp-content/plugins/woocommerce-products-filter/installer/includes/installer.class.php(37): WP_Installer->__construct()
#2 /var/www/html/wordpress/wp-content/plugins/woocommerce-products-filter/installer/installer.php(7): WP_Installer::instance()
#3 /var/www/html/wordpress/wp-content/plugins/woocommerce-products-filter/installer/installer.php(11): WP_Installer()
#4 /var/www/html/wordpress/wp-content/plugins/woocommerce-products-filter/installer/loader.php(120): include_once('/var/www/html/w...')
#5 /var/www/html/wordpress/wp-includes/class-wp-hook.php(288): wpml_installer_instance_delegator('')
#6 /var/www/html/wordpress/wp-includes/class in /var/www/html/wordpress/wp-content/plugins/woocommerce-products-filter/installer/includes/installer.class.php on line 713

2020-02-08T03:50:43+00:00 CRITICAL Uncaught Error: Call to undefined function simplexml_load_file() in /var/www/html/wordpress/wp-content/plugins/woocommerce-products-filter/installer/includes/installer.class.php:713
Stack trace:
#0 /var/www/html/wordpress/wp-content/plugins/woocommerce-products-filter/installer/includes/installer.class.php(66): WP_Installer->load_repositories_list()
#1 /var/www/html/wordpress/wp-content/plugins/woocommerce-products-filter/installer/includes/installer.class.php(37): WP_Installer->__construct()
#2 /var/www/html/wordpress/wp-content/plugins/woocommerce-products-filter/installer/installer.php(7): WP_Installer::instance()
#3 /var/www/html/wordpress/wp-content/plugins/woocommerce-products-filter/installer/installer.php(11): WP_Installer()
#4 /var/www/html/wordpress/wp-content/plugins/woocommerce-products-filter/installer/loader.php(120): include_once('/var/www/html/w...')
#5 /var/www/html/wordpress/wp-includes/class-wp-hook.php(288): wpml_installer_instance_delegator('')
#6 /var/www/html/wordpress/wp-includes/class in /var/www/html/wordpress/wp-content/plugins/woocommerce-products-filter/installer/includes/installer.class.php on line 713

2020-02-08T03:59:58+00:00 CRITICAL Uncaught Error: Call to undefined function simplexml_load_file() in /var/www/html/wordpress/wp-content/plugins/woocommerce-products-filter/installer/includes/installer.class.php:713
Stack trace:
#0 /var/www/html/wordpress/wp-content/plugins/woocommerce-products-filter/installer/includes/installer.class.php(66): WP_Installer->load_repositories_list()
#1 /var/www/html/wordpress/wp-content/plugins/woocommerce-products-filter/installer/includes/installer.class.php(37): WP_Installer->__construct()
#2 /var/www/html/wordpress/wp-content/plugins/woocommerce-products-filter/installer/installer.php(7): WP_Installer::instance()
#3 /var/www/html/wordpress/wp-content/plugins/woocommerce-products-filter/installer/installer.php(11): WP_Installer()
#4 /var/www/html/wordpress/wp-content/plugins/woocommerce-products-filter/installer/loader.php(120): include_once('/var/www/html/w...')
#5 /var/www/html/wordpress/wp-includes/class-wp-hook.php(288): wpml_installer_instance_delegator('')
#6 /var/www/html/wordpress/wp-includes/class in /var/www/html/wordpress/wp-content/plugins/woocommerce-products-filter/installer/includes/installer.class.php on line 713

